2021-02-17 18:05:35,613 INFO com.example.ImptProjectApplication [main] Starting ImptProjectApplication on Vijay with PID 7020 (E:\Contents\sbws\AngularSBConnect\SBLogin\target\classes started by Vijay in e:\Contents\sbws\AngularSBConnect\SBLogin)
2021-02-17 18:05:35,747 DEBUG com.example.ImptProjectApplication [main] Running with Spring Boot v1.5.9.RELEASE, Spring v4.3.3.RELEASE
2021-02-17 18:05:35,749 INFO com.example.ImptProjectApplication [main] No active profile set, falling back to default profiles: default
2021-02-17 18:05:37,541 INFO org.springframework.boot.context.embedded.AnnotationConfigEmbeddedWebApplicationContext [main] Refreshing org.springframework.boot.context.embedded.AnnotationConfigEmbeddedWebApplicationContext@1dd6d4b7: startup date [Wed Feb 17 18:05:37 IST 2021]; root of context hierarchy
2021-02-17 18:05:40,479 INFO org.hibernate.validator.internal.util.Version [background-preinit] HV000001: Hibernate Validator 5.3.6.Final
2021-02-17 18:05:46,660 INFO org.springframework.boot.context.embedded.tomcat.TomcatEmbeddedServletContainer [main] Tomcat initialized with port(s): 5002 (http)
2021-02-17 18:05:46,809 INFO org.apache.catalina.core.StandardService [main] Starting service [Tomcat]
2021-02-17 18:05:46,812 INFO org.apache.catalina.core.StandardEngine [main] Starting Servlet Engine: Apache Tomcat/8.5.23
2021-02-17 18:05:48,068 INFO org.apache.catalina.core.ContainerBase.[Tomcat].[localhost].[/] [localhost-startStop-1] Initializing Spring embedded WebApplicationContext
2021-02-17 18:05:48,069 INFO org.springframework.web.context.ContextLoader [localhost-startStop-1] Root WebApplicationContext: initialization completed in 10528 ms
2021-02-17 18:05:49,311 INFO org.springframework.boot.web.servlet.ServletRegistrationBean [localhost-startStop-1] Mapping servlet: 'dispatcherServlet' to [/]
2021-02-17 18:05:49,338 INFO org.springframework.boot.web.servlet.FilterRegistrationBean [localhost-startStop-1] Mapping filter: 'characterEncodingFilter' to: [/*]
2021-02-17 18:05:49,339 INFO org.springframework.boot.web.servlet.FilterRegistrationBean [localhost-startStop-1] Mapping filter: 'hiddenHttpMethodFilter' to: [/*]
2021-02-17 18:05:49,340 INFO org.springframework.boot.web.servlet.FilterRegistrationBean [localhost-startStop-1] Mapping filter: 'httpPutFormContentFilter' to: [/*]
2021-02-17 18:05:49,341 INFO org.springframework.boot.web.servlet.FilterRegistrationBean [localhost-startStop-1] Mapping filter: 'requestContextFilter' to: [/*]
2021-02-17 18:05:49,341 INFO org.springframework.boot.web.servlet.FilterRegistrationBean [localhost-startStop-1] Mapping filter: 'CORSFilter' to: [/*]
2021-02-17 18:05:49,341 INFO org.springframework.boot.web.servlet.FilterRegistrationBean [localhost-startStop-1] Mapping filter: 'corsFilter' to: [/*]
2021-02-17 18:05:49,484 DEBUG com.example.encryptiondecryption.CORSFilter [localhost-startStop-1] Initializing filter 'corsFilter'
2021-02-17 18:05:49,484 DEBUG com.example.encryptiondecryption.CORSFilter [localhost-startStop-1] Filter 'corsFilter' configured successfully
2021-02-17 18:05:49,486 DEBUG com.example.encryptiondecryption.CORSFilter$$EnhancerBySpringCGLIB$$5ac825cd [localhost-startStop-1] Initializing filter 'CORSFilter'
2021-02-17 18:05:49,486 DEBUG com.example.encryptiondecryption.CORSFilter$$EnhancerBySpringCGLIB$$5ac825cd [localhost-startStop-1] Filter 'CORSFilter' configured successfully
2021-02-17 18:05:53,100 INFO org.springframework.web.servlet.mvc.method.annotation.RequestMappingHandlerAdapter [main] Looking for @ControllerAdvice: org.springframework.boot.context.embedded.AnnotationConfigEmbeddedWebApplicationContext@1dd6d4b7: startup date [Wed Feb 17 18:05:37 IST 2021]; root of context hierarchy
2021-02-17 18:05:53,525 INFO org.springframework.web.servlet.mvc.method.annotation.RequestMappingHandlerMapping [main] Mapped "{[/test],methods=[GET]}" onto public com.example.user.GithubUser com.example.controller.MyController.test(org.springframework.ui.Model,javax.servlet.http.HttpSession,java.lang.String,com.example.user.GithubUser)
2021-02-17 18:05:53,529 INFO org.springframework.web.servlet.mvc.method.annotation.RequestMappingHandlerMapping [main] Mapped "{[/]}" onto public org.springframework.web.servlet.ModelAndView com.example.controller.MyController.homePage(org.springframework.ui.Model,javax.servlet.http.HttpSession)
2021-02-17 18:05:53,530 INFO org.springframework.web.servlet.mvc.method.annotation.RequestMappingHandlerMapping [main] Mapped "{[/login],methods=[GET]}" onto public org.springframework.web.servlet.ModelAndView com.example.controller.MyController.loginForm(org.springframework.ui.Model,javax.servlet.http.HttpSession)
2021-02-17 18:05:53,531 INFO org.springframework.web.servlet.mvc.method.annotation.RequestMappingHandlerMapping [main] Mapped "{[/validateUser],methods=[POST]}" onto public org.springframework.web.servlet.ModelAndView com.example.controller.MyController.validateUser(org.springframework.ui.ModelMap,com.example.pojo.Login,org.springframework.validation.BindingResult,javax.servlet.http.HttpSession)
2021-02-17 18:05:53,532 INFO org.springframework.web.servlet.mvc.method.annotation.RequestMappingHandlerMapping [main] Mapped "{[/logout],methods=[GET]}" onto public org.springframework.web.servlet.ModelAndView com.example.controller.MyController.logoutPage(javax.servlet.http.HttpServletRequest,javax.servlet.http.HttpServletResponse,org.springframework.ui.Model,javax.servlet.http.HttpSession)
2021-02-17 18:05:53,533 INFO org.springframework.web.servlet.mvc.method.annotation.RequestMappingHandlerMapping [main] Mapped "{[/githubUserInfoPage],methods=[POST]}" onto public org.springframework.web.servlet.ModelAndView com.example.controller.MyController.githubUserInfoPage(org.springframework.ui.Model,com.example.pojo.Login,org.springframework.validation.BindingResult,com.example.user.GithubUser,javax.servlet.http.HttpSession)
2021-02-17 18:05:53,537 INFO org.springframework.web.servlet.mvc.method.annotation.RequestMappingHandlerMapping [main] Mapped "{[/githubRepoDet],methods=[POST]}" onto public org.springframework.web.servlet.ModelAndView com.example.controller.MyController.githubRepoDet(org.springframework.ui.Model,com.example.pojo.Login,com.example.user.GithubUser,javax.servlet.http.HttpSession)
2021-02-17 18:05:53,550 INFO org.springframework.web.servlet.mvc.method.annotation.RequestMappingHandlerMapping [main] Mapped "{[/error]}" onto public org.springframework.http.ResponseEntity<java.util.Map<java.lang.String, java.lang.Object>> org.springframework.boot.autoconfigure.web.BasicErrorController.error(javax.servlet.http.HttpServletRequest)
2021-02-17 18:05:53,552 INFO org.springframework.web.servlet.mvc.method.annotation.RequestMappingHandlerMapping [main] Mapped "{[/error],produces=[text/html]}" onto public org.springframework.web.servlet.ModelAndView org.springframework.boot.autoconfigure.web.BasicErrorController.errorHtml(javax.servlet.http.HttpServletRequest,javax.servlet.http.HttpServletResponse)
2021-02-17 18:05:53,746 INFO org.springframework.web.servlet.handler.SimpleUrlHandlerMapping [main] Mapped URL path [/webjars/**] onto handler of type [class org.springframework.web.servlet.resource.ResourceHttpRequestHandler]
2021-02-17 18:05:53,746 INFO org.springframework.web.servlet.handler.SimpleUrlHandlerMapping [main] Mapped URL path [/**] onto handler of type [class org.springframework.web.servlet.resource.ResourceHttpRequestHandler]
2021-02-17 18:05:53,895 INFO org.springframework.web.servlet.handler.SimpleUrlHandlerMapping [main] Mapped URL path [/**/favicon.ico] onto handler of type [class org.springframework.web.servlet.resource.ResourceHttpRequestHandler]
2021-02-17 18:05:54,412 WARN org.thymeleaf.templatemode.TemplateMode [main] [THYMELEAF][main] Template Mode 'HTML5' is deprecated. Using Template Mode 'HTML' instead.
2021-02-17 18:05:56,443 INFO org.springframework.boot.autoconfigure.web.WebMvcAutoConfiguration$WelcomePageHandlerMapping [main] Adding welcome page: class path resource [static/index.html]
2021-02-17 18:05:58,218 INFO org.springframework.jmx.export.annotation.AnnotationMBeanExporter [main] Registering beans for JMX exposure on startup
2021-02-17 18:05:58,309 INFO org.apache.coyote.http11.Http11NioProtocol [main] Initializing ProtocolHandler ["http-nio-5002"]
2021-02-17 18:05:58,405 INFO org.apache.coyote.http11.Http11NioProtocol [main] Starting ProtocolHandler ["http-nio-5002"]
2021-02-17 18:05:58,522 INFO org.apache.tomcat.util.net.NioSelectorPool [main] Using a shared selector for servlet write/read
2021-02-17 18:05:58,799 INFO org.springframework.boot.context.embedded.tomcat.TomcatEmbeddedServletContainer [main] Tomcat started on port(s): 5002 (http)
2021-02-17 18:05:58,833 INFO com.example.ImptProjectApplication [main] Started ImptProjectApplication in 25.588 seconds (JVM running for 33.594)
2021-02-17 18:49:09,178 INFO org.apache.catalina.core.ContainerBase.[Tomcat].[localhost].[/] [http-nio-5002-exec-10] Initializing Spring FrameworkServlet 'dispatcherServlet'
2021-02-17 18:49:09,179 INFO org.springframework.web.servlet.DispatcherServlet [http-nio-5002-exec-10] FrameworkServlet 'dispatcherServlet': initialization started
2021-02-17 18:49:09,287 INFO org.springframework.web.servlet.DispatcherServlet [http-nio-5002-exec-10] FrameworkServlet 'dispatcherServlet': initialization completed in 107 ms
2021-02-17 18:49:10,735 WARN org.apache.catalina.util.SessionIdGeneratorBase [http-nio-5002-exec-10] Creation of SecureRandom instance for session ID generation using [SHA1PRNG] took [1,180] milliseconds.
2021-02-17 18:49:10,742 INFO com.example.controller.MyController [http-nio-5002-exec-10] homePage()
2021-02-17 18:49:46,846 INFO com.example.controller.MyController [http-nio-5002-exec-6] homePage()
