2021-02-16 18:15:35,976 INFO com.example.ImptProjectApplication [main] Starting ImptProjectApplication on Vijay with PID 6940 (E:\Contents\sbws\AngularSBConnect\SBLogin\target\classes started by Vijay in e:\Contents\sbws\AngularSBConnect\SBLogin)
2021-02-16 18:15:36,086 DEBUG com.example.ImptProjectApplication [main] Running with Spring Boot v1.5.9.RELEASE, Spring v4.3.3.RELEASE
2021-02-16 18:15:36,102 INFO com.example.ImptProjectApplication [main] No active profile set, falling back to default profiles: default
2021-02-16 18:15:37,852 INFO org.springframework.boot.context.embedded.AnnotationConfigEmbeddedWebApplicationContext [main] Refreshing org.springframework.boot.context.embedded.AnnotationConfigEmbeddedWebApplicationContext@1dd6d4b7: startup date [Tue Feb 16 18:15:37 IST 2021]; root of context hierarchy
2021-02-16 18:15:40,335 INFO org.hibernate.validator.internal.util.Version [background-preinit] HV000001: Hibernate Validator 5.3.6.Final
2021-02-16 18:15:45,835 INFO org.springframework.boot.context.embedded.tomcat.TomcatEmbeddedServletContainer [main] Tomcat initialized with port(s): 5002 (http)
2021-02-16 18:15:45,924 INFO org.apache.catalina.core.StandardService [main] Starting service [Tomcat]
2021-02-16 18:15:45,924 INFO org.apache.catalina.core.StandardEngine [main] Starting Servlet Engine: Apache Tomcat/8.5.23
2021-02-16 18:15:46,352 INFO org.apache.catalina.core.ContainerBase.[Tomcat].[localhost].[/] [localhost-startStop-1] Initializing Spring embedded WebApplicationContext
2021-02-16 18:15:46,353 INFO org.springframework.web.context.ContextLoader [localhost-startStop-1] Root WebApplicationContext: initialization completed in 8501 ms
2021-02-16 18:15:47,181 INFO org.springframework.boot.web.servlet.ServletRegistrationBean [localhost-startStop-1] Mapping servlet: 'dispatcherServlet' to [/]
2021-02-16 18:15:47,197 INFO org.springframework.boot.web.servlet.FilterRegistrationBean [localhost-startStop-1] Mapping filter: 'characterEncodingFilter' to: [/*]
2021-02-16 18:15:47,209 INFO org.springframework.boot.web.servlet.FilterRegistrationBean [localhost-startStop-1] Mapping filter: 'hiddenHttpMethodFilter' to: [/*]
2021-02-16 18:15:47,210 INFO org.springframework.boot.web.servlet.FilterRegistrationBean [localhost-startStop-1] Mapping filter: 'httpPutFormContentFilter' to: [/*]
2021-02-16 18:15:47,211 INFO org.springframework.boot.web.servlet.FilterRegistrationBean [localhost-startStop-1] Mapping filter: 'requestContextFilter' to: [/*]
2021-02-16 18:15:47,211 INFO org.springframework.boot.web.servlet.FilterRegistrationBean [localhost-startStop-1] Mapping filter: 'CORSFilter' to: [/*]
2021-02-16 18:15:47,212 INFO org.springframework.boot.web.servlet.FilterRegistrationBean [localhost-startStop-1] Mapping filter: 'corsFilter' to: [/*]
2021-02-16 18:15:47,291 DEBUG com.example.encryptiondecryption.CORSFilter [localhost-startStop-1] Initializing filter 'corsFilter'
2021-02-16 18:15:47,306 DEBUG com.example.encryptiondecryption.CORSFilter [localhost-startStop-1] Filter 'corsFilter' configured successfully
2021-02-16 18:15:47,306 DEBUG com.example.encryptiondecryption.CORSFilter$$EnhancerBySpringCGLIB$$5ac825cd [localhost-startStop-1] Initializing filter 'CORSFilter'
2021-02-16 18:15:47,306 DEBUG com.example.encryptiondecryption.CORSFilter$$EnhancerBySpringCGLIB$$5ac825cd [localhost-startStop-1] Filter 'CORSFilter' configured successfully
2021-02-16 18:15:48,657 INFO org.springframework.web.servlet.mvc.method.annotation.RequestMappingHandlerAdapter [main] Looking for @ControllerAdvice: org.springframework.boot.context.embedded.AnnotationConfigEmbeddedWebApplicationContext@1dd6d4b7: startup date [Tue Feb 16 18:15:37 IST 2021]; root of context hierarchy
2021-02-16 18:15:48,891 INFO org.springframework.web.servlet.mvc.method.annotation.RequestMappingHandlerMapping [main] Mapped "{[/test],methods=[GET]}" onto public com.example.user.GithubUser com.example.controller.MyController.test(org.springframework.ui.Model,javax.servlet.http.HttpSession,java.lang.String,com.example.user.GithubUser)
2021-02-16 18:15:48,895 INFO org.springframework.web.servlet.mvc.method.annotation.RequestMappingHandlerMapping [main] Mapped "{[/]}" onto public org.springframework.web.servlet.ModelAndView com.example.controller.MyController.homePage(org.springframework.ui.Model,javax.servlet.http.HttpSession)
2021-02-16 18:15:48,896 INFO org.springframework.web.servlet.mvc.method.annotation.RequestMappingHandlerMapping [main] Mapped "{[/login],methods=[GET]}" onto public org.springframework.web.servlet.ModelAndView com.example.controller.MyController.loginForm(org.springframework.ui.Model,javax.servlet.http.HttpSession)
2021-02-16 18:15:48,897 INFO org.springframework.web.servlet.mvc.method.annotation.RequestMappingHandlerMapping [main] Mapped "{[/validateUser],methods=[POST]}" onto public org.springframework.web.servlet.ModelAndView com.example.controller.MyController.validateUser(org.springframework.ui.ModelMap,com.example.pojo.Login,org.springframework.validation.BindingResult,javax.servlet.http.HttpSession)
2021-02-16 18:15:48,898 INFO org.springframework.web.servlet.mvc.method.annotation.RequestMappingHandlerMapping [main] Mapped "{[/logout],methods=[GET]}" onto public org.springframework.web.servlet.ModelAndView com.example.controller.MyController.logoutPage(javax.servlet.http.HttpServletRequest,javax.servlet.http.HttpServletResponse,org.springframework.ui.Model,javax.servlet.http.HttpSession)
2021-02-16 18:15:48,899 INFO org.springframework.web.servlet.mvc.method.annotation.RequestMappingHandlerMapping [main] Mapped "{[/githubUserInfoPage],methods=[POST]}" onto public org.springframework.web.servlet.ModelAndView com.example.controller.MyController.githubUserInfoPage(org.springframework.ui.Model,com.example.pojo.Login,org.springframework.validation.BindingResult,com.example.user.GithubUser,javax.servlet.http.HttpSession)
2021-02-16 18:15:48,903 INFO org.springframework.web.servlet.mvc.method.annotation.RequestMappingHandlerMapping [main] Mapped "{[/githubRepoDet],methods=[POST]}" onto public org.springframework.web.servlet.ModelAndView com.example.controller.MyController.githubRepoDet(org.springframework.ui.Model,com.example.pojo.Login,com.example.user.GithubUser,javax.servlet.http.HttpSession)
2021-02-16 18:15:48,916 INFO org.springframework.web.servlet.mvc.method.annotation.RequestMappingHandlerMapping [main] Mapped "{[/error]}" onto public org.springframework.http.ResponseEntity<java.util.Map<java.lang.String, java.lang.Object>> org.springframework.boot.autoconfigure.web.BasicErrorController.error(javax.servlet.http.HttpServletRequest)
2021-02-16 18:15:48,917 INFO org.springframework.web.servlet.mvc.method.annotation.RequestMappingHandlerMapping [main] Mapped "{[/error],produces=[text/html]}" onto public org.springframework.web.servlet.ModelAndView org.springframework.boot.autoconfigure.web.BasicErrorController.errorHtml(javax.servlet.http.HttpServletRequest,javax.servlet.http.HttpServletResponse)
2021-02-16 18:15:49,015 INFO org.springframework.web.servlet.handler.SimpleUrlHandlerMapping [main] Mapped URL path [/webjars/**] onto handler of type [class org.springframework.web.servlet.resource.ResourceHttpRequestHandler]
2021-02-16 18:15:49,015 INFO org.springframework.web.servlet.handler.SimpleUrlHandlerMapping [main] Mapped URL path [/**] onto handler of type [class org.springframework.web.servlet.resource.ResourceHttpRequestHandler]
2021-02-16 18:15:49,119 INFO org.springframework.web.servlet.handler.SimpleUrlHandlerMapping [main] Mapped URL path [/**/favicon.ico] onto handler of type [class org.springframework.web.servlet.resource.ResourceHttpRequestHandler]
2021-02-16 18:15:49,347 WARN org.thymeleaf.templatemode.TemplateMode [main] [THYMELEAF][main] Template Mode 'HTML5' is deprecated. Using Template Mode 'HTML' instead.
2021-02-16 18:15:50,534 INFO org.springframework.boot.autoconfigure.web.WebMvcAutoConfiguration$WelcomePageHandlerMapping [main] Adding welcome page: class path resource [static/index.html]
2021-02-16 18:15:51,443 INFO org.springframework.jmx.export.annotation.AnnotationMBeanExporter [main] Registering beans for JMX exposure on startup
2021-02-16 18:15:51,533 INFO org.apache.coyote.http11.Http11NioProtocol [main] Initializing ProtocolHandler ["http-nio-5002"]
2021-02-16 18:15:51,595 INFO org.apache.coyote.http11.Http11NioProtocol [main] Starting ProtocolHandler ["http-nio-5002"]
2021-02-16 18:15:51,689 INFO org.apache.tomcat.util.net.NioSelectorPool [main] Using a shared selector for servlet write/read
2021-02-16 18:15:51,783 INFO org.springframework.boot.context.embedded.tomcat.TomcatEmbeddedServletContainer [main] Tomcat started on port(s): 5002 (http)
2021-02-16 18:15:51,814 INFO com.example.ImptProjectApplication [main] Started ImptProjectApplication in 18.246 seconds (JVM running for 28.44)
2021-02-16 18:16:18,258 INFO org.apache.catalina.core.ContainerBase.[Tomcat].[localhost].[/] [http-nio-5002-exec-1] Initializing Spring FrameworkServlet 'dispatcherServlet'
2021-02-16 18:16:18,259 INFO org.springframework.web.servlet.DispatcherServlet [http-nio-5002-exec-1] FrameworkServlet 'dispatcherServlet': initialization started
2021-02-16 18:16:18,448 INFO org.springframework.web.servlet.DispatcherServlet [http-nio-5002-exec-1] FrameworkServlet 'dispatcherServlet': initialization completed in 189 ms
2021-02-16 18:16:19,871 WARN org.apache.catalina.util.SessionIdGeneratorBase [http-nio-5002-exec-1] Creation of SecureRandom instance for session ID generation using [SHA1PRNG] took [905] milliseconds.
2021-02-16 18:16:19,876 INFO com.example.controller.MyController [http-nio-5002-exec-1] homePage()
2021-02-16 18:29:37,220 INFO com.example.controller.MyController [http-nio-5002-exec-8] homePage()
2021-02-16 18:30:12,006 INFO com.example.ImptProjectApplication [main] Starting ImptProjectApplication on Vijay with PID 2280 (E:\Contents\sbws\AngularSBConnect\SBLogin\target\classes started by Vijay in e:\Contents\sbws\AngularSBConnect\SBLogin)
2021-02-16 18:30:12,053 DEBUG com.example.ImptProjectApplication [main] Running with Spring Boot v1.5.9.RELEASE, Spring v4.3.3.RELEASE
2021-02-16 18:30:12,116 INFO com.example.ImptProjectApplication [main] No active profile set, falling back to default profiles: default
2021-02-16 18:30:13,428 INFO org.springframework.boot.context.embedded.AnnotationConfigEmbeddedWebApplicationContext [main] Refreshing org.springframework.boot.context.embedded.AnnotationConfigEmbeddedWebApplicationContext@fcb4004: startup date [Tue Feb 16 18:30:13 IST 2021]; root of context hierarchy
2021-02-16 18:30:14,788 INFO org.hibernate.validator.internal.util.Version [background-preinit] HV000001: Hibernate Validator 5.3.6.Final
2021-02-16 18:30:19,178 INFO org.springframework.boot.context.embedded.tomcat.TomcatEmbeddedServletContainer [main] Tomcat initialized with port(s): 5002 (http)
2021-02-16 18:30:19,225 INFO org.apache.catalina.core.StandardService [main] Starting service [Tomcat]
2021-02-16 18:30:19,225 INFO org.apache.catalina.core.StandardEngine [main] Starting Servlet Engine: Apache Tomcat/8.5.23
2021-02-16 18:30:19,631 INFO org.apache.catalina.core.ContainerBase.[Tomcat].[localhost].[/] [localhost-startStop-1] Initializing Spring embedded WebApplicationContext
2021-02-16 18:30:19,631 INFO org.springframework.web.context.ContextLoader [localhost-startStop-1] Root WebApplicationContext: initialization completed in 6203 ms
2021-02-16 18:30:20,303 INFO org.springframework.boot.web.servlet.ServletRegistrationBean [localhost-startStop-1] Mapping servlet: 'dispatcherServlet' to [/]
2021-02-16 18:30:20,319 INFO org.springframework.boot.web.servlet.FilterRegistrationBean [localhost-startStop-1] Mapping filter: 'characterEncodingFilter' to: [/*]
2021-02-16 18:30:20,319 INFO org.springframework.boot.web.servlet.FilterRegistrationBean [localhost-startStop-1] Mapping filter: 'hiddenHttpMethodFilter' to: [/*]
2021-02-16 18:30:20,319 INFO org.springframework.boot.web.servlet.FilterRegistrationBean [localhost-startStop-1] Mapping filter: 'httpPutFormContentFilter' to: [/*]
2021-02-16 18:30:20,319 INFO org.springframework.boot.web.servlet.FilterRegistrationBean [localhost-startStop-1] Mapping filter: 'requestContextFilter' to: [/*]
2021-02-16 18:30:20,319 INFO org.springframework.boot.web.servlet.FilterRegistrationBean [localhost-startStop-1] Mapping filter: 'CORSFilter' to: [/*]
2021-02-16 18:30:20,319 INFO org.springframework.boot.web.servlet.FilterRegistrationBean [localhost-startStop-1] Mapping filter: 'corsFilter' to: [/*]
2021-02-16 18:30:20,366 DEBUG com.example.encryptiondecryption.CORSFilter [localhost-startStop-1] Initializing filter 'corsFilter'
2021-02-16 18:30:20,366 DEBUG com.example.encryptiondecryption.CORSFilter [localhost-startStop-1] Filter 'corsFilter' configured successfully
2021-02-16 18:30:20,366 DEBUG com.example.encryptiondecryption.CORSFilter$$EnhancerBySpringCGLIB$$84570955 [localhost-startStop-1] Initializing filter 'CORSFilter'
2021-02-16 18:30:20,366 DEBUG com.example.encryptiondecryption.CORSFilter$$EnhancerBySpringCGLIB$$84570955 [localhost-startStop-1] Filter 'CORSFilter' configured successfully
2021-02-16 18:30:21,459 INFO org.springframework.web.servlet.mvc.method.annotation.RequestMappingHandlerAdapter [main] Looking for @ControllerAdvice: org.springframework.boot.context.embedded.AnnotationConfigEmbeddedWebApplicationContext@fcb4004: startup date [Tue Feb 16 18:30:13 IST 2021]; root of context hierarchy
2021-02-16 18:30:21,678 INFO org.springframework.web.servlet.mvc.method.annotation.RequestMappingHandlerMapping [main] Mapped "{[/test],methods=[GET]}" onto public com.example.user.GithubUser com.example.controller.MyController.test(org.springframework.ui.Model,javax.servlet.http.HttpSession,java.lang.String,com.example.user.GithubUser)
2021-02-16 18:30:21,678 INFO org.springframework.web.servlet.mvc.method.annotation.RequestMappingHandlerMapping [main] Mapped "{[/]}" onto public org.springframework.web.servlet.ModelAndView com.example.controller.MyController.homePage(org.springframework.ui.Model,javax.servlet.http.HttpSession)
2021-02-16 18:30:21,678 INFO org.springframework.web.servlet.mvc.method.annotation.RequestMappingHandlerMapping [main] Mapped "{[/login],methods=[GET]}" onto public org.springframework.web.servlet.ModelAndView com.example.controller.MyController.loginForm(org.springframework.ui.Model,javax.servlet.http.HttpSession)
2021-02-16 18:30:21,678 INFO org.springframework.web.servlet.mvc.method.annotation.RequestMappingHandlerMapping [main] Mapped "{[/validateUser],methods=[POST]}" onto public org.springframework.web.servlet.ModelAndView com.example.controller.MyController.validateUser(org.springframework.ui.ModelMap,com.example.pojo.Login,org.springframework.validation.BindingResult,javax.servlet.http.HttpSession)
2021-02-16 18:30:21,678 INFO org.springframework.web.servlet.mvc.method.annotation.RequestMappingHandlerMapping [main] Mapped "{[/logout],methods=[GET]}" onto public org.springframework.web.servlet.ModelAndView com.example.controller.MyController.logoutPage(javax.servlet.http.HttpServletRequest,javax.servlet.http.HttpServletResponse,org.springframework.ui.Model,javax.servlet.http.HttpSession)
2021-02-16 18:30:21,678 INFO org.springframework.web.servlet.mvc.method.annotation.RequestMappingHandlerMapping [main] Mapped "{[/githubUserInfoPage],methods=[POST]}" onto public org.springframework.web.servlet.ModelAndView com.example.controller.MyController.githubUserInfoPage(org.springframework.ui.Model,com.example.pojo.Login,org.springframework.validation.BindingResult,com.example.user.GithubUser,javax.servlet.http.HttpSession)
2021-02-16 18:30:21,678 INFO org.springframework.web.servlet.mvc.method.annotation.RequestMappingHandlerMapping [main] Mapped "{[/githubRepoDet],methods=[POST]}" onto public org.springframework.web.servlet.ModelAndView com.example.controller.MyController.githubRepoDet(org.springframework.ui.Model,com.example.pojo.Login,com.example.user.GithubUser,javax.servlet.http.HttpSession)
2021-02-16 18:30:21,694 INFO org.springframework.web.servlet.mvc.method.annotation.RequestMappingHandlerMapping [main] Mapped "{[/error]}" onto public org.springframework.http.ResponseEntity<java.util.Map<java.lang.String, java.lang.Object>> org.springframework.boot.autoconfigure.web.BasicErrorController.error(javax.servlet.http.HttpServletRequest)
2021-02-16 18:30:21,694 INFO org.springframework.web.servlet.mvc.method.annotation.RequestMappingHandlerMapping [main] Mapped "{[/error],produces=[text/html]}" onto public org.springframework.web.servlet.ModelAndView org.springframework.boot.autoconfigure.web.BasicErrorController.errorHtml(javax.servlet.http.HttpServletRequest,javax.servlet.http.HttpServletResponse)
2021-02-16 18:30:21,788 INFO org.springframework.web.servlet.handler.SimpleUrlHandlerMapping [main] Mapped URL path [/webjars/**] onto handler of type [class org.springframework.web.servlet.resource.ResourceHttpRequestHandler]
2021-02-16 18:30:21,788 INFO org.springframework.web.servlet.handler.SimpleUrlHandlerMapping [main] Mapped URL path [/**] onto handler of type [class org.springframework.web.servlet.resource.ResourceHttpRequestHandler]
2021-02-16 18:30:21,881 INFO org.springframework.web.servlet.handler.SimpleUrlHandlerMapping [main] Mapped URL path [/**/favicon.ico] onto handler of type [class org.springframework.web.servlet.resource.ResourceHttpRequestHandler]
2021-02-16 18:30:22,053 WARN org.thymeleaf.templatemode.TemplateMode [main] [THYMELEAF][main] Template Mode 'HTML5' is deprecated. Using Template Mode 'HTML' instead.
2021-02-16 18:30:22,819 INFO org.springframework.boot.autoconfigure.web.WebMvcAutoConfiguration$WelcomePageHandlerMapping [main] Adding welcome page: class path resource [static/index.html]
2021-02-16 18:30:23,475 INFO org.springframework.jmx.export.annotation.AnnotationMBeanExporter [main] Registering beans for JMX exposure on startup
2021-02-16 18:30:23,538 INFO org.apache.coyote.http11.Http11NioProtocol [main] Initializing ProtocolHandler ["http-nio-5002"]
2021-02-16 18:30:23,584 INFO org.apache.coyote.http11.Http11NioProtocol [main] Starting ProtocolHandler ["http-nio-5002"]
2021-02-16 18:30:23,616 INFO org.apache.tomcat.util.net.NioSelectorPool [main] Using a shared selector for servlet write/read
2021-02-16 18:30:23,678 INFO org.springframework.boot.context.embedded.tomcat.TomcatEmbeddedServletContainer [main] Tomcat started on port(s): 5002 (http)
2021-02-16 18:30:23,709 INFO com.example.ImptProjectApplication [main] Started ImptProjectApplication in 12.853 seconds (JVM running for 16.25)
2021-02-16 18:51:03,005 INFO org.apache.catalina.core.ContainerBase.[Tomcat].[localhost].[/] [http-nio-5002-exec-9] Initializing Spring FrameworkServlet 'dispatcherServlet'
2021-02-16 18:51:03,010 INFO org.springframework.web.servlet.DispatcherServlet [http-nio-5002-exec-9] FrameworkServlet 'dispatcherServlet': initialization started
2021-02-16 18:51:04,636 INFO org.springframework.web.servlet.DispatcherServlet [http-nio-5002-exec-9] FrameworkServlet 'dispatcherServlet': initialization completed in 1626 ms
2021-02-16 18:51:04,997 WARN org.apache.catalina.util.SessionIdGeneratorBase [http-nio-5002-exec-9] Creation of SecureRandom instance for session ID generation using [SHA1PRNG] took [186] milliseconds.
2021-02-16 18:51:05,003 INFO com.example.controller.MyController [http-nio-5002-exec-9] homePage()
