2021-01-23 19:39:44,793 INFO com.example.ImptProjectApplication [main] Starting ImptProjectApplication on Vijay with PID 6572 (E:\Contents\sbws\AngularSBConnect\SBLogin\target\classes started by Vijay in e:\Contents\sbws\AngularSBConnect\SBLogin)
2021-01-23 19:39:44,947 DEBUG com.example.ImptProjectApplication [main] Running with Spring Boot v1.5.9.RELEASE, Spring v4.3.3.RELEASE
2021-01-23 19:39:44,948 INFO com.example.ImptProjectApplication [main] No active profile set, falling back to default profiles: default
2021-01-23 19:39:47,150 INFO org.springframework.boot.context.embedded.AnnotationConfigEmbeddedWebApplicationContext [main] Refreshing org.springframework.boot.context.embedded.AnnotationConfigEmbeddedWebApplicationContext@1dd6d4b7: startup date [Sat Jan 23 19:39:47 IST 2021]; root of context hierarchy
2021-01-23 19:39:49,342 INFO org.hibernate.validator.internal.util.Version [background-preinit] HV000001: Hibernate Validator 5.3.6.Final
2021-01-23 19:39:55,351 INFO org.springframework.boot.context.embedded.tomcat.TomcatEmbeddedServletContainer [main] Tomcat initialized with port(s): 5002 (http)
2021-01-23 19:39:55,404 INFO org.apache.catalina.core.StandardService [main] Starting service [Tomcat]
2021-01-23 19:39:55,406 INFO org.apache.catalina.core.StandardEngine [main] Starting Servlet Engine: Apache Tomcat/8.5.23
2021-01-23 19:39:55,970 INFO org.apache.catalina.core.ContainerBase.[Tomcat].[localhost].[/] [localhost-startStop-1] Initializing Spring embedded WebApplicationContext
2021-01-23 19:39:55,971 INFO org.springframework.web.context.ContextLoader [localhost-startStop-1] Root WebApplicationContext: initialization completed in 8821 ms
2021-01-23 19:39:57,114 INFO org.springframework.boot.web.servlet.ServletRegistrationBean [localhost-startStop-1] Mapping servlet: 'dispatcherServlet' to [/]
2021-01-23 19:39:57,250 INFO org.springframework.boot.web.servlet.FilterRegistrationBean [localhost-startStop-1] Mapping filter: 'characterEncodingFilter' to: [/*]
2021-01-23 19:39:57,251 INFO org.springframework.boot.web.servlet.FilterRegistrationBean [localhost-startStop-1] Mapping filter: 'hiddenHttpMethodFilter' to: [/*]
2021-01-23 19:39:57,251 INFO org.springframework.boot.web.servlet.FilterRegistrationBean [localhost-startStop-1] Mapping filter: 'httpPutFormContentFilter' to: [/*]
2021-01-23 19:39:57,252 INFO org.springframework.boot.web.servlet.FilterRegistrationBean [localhost-startStop-1] Mapping filter: 'requestContextFilter' to: [/*]
2021-01-23 19:39:57,253 INFO org.springframework.boot.web.servlet.FilterRegistrationBean [localhost-startStop-1] Mapping filter: 'CORSFilter' to: [/*]
2021-01-23 19:39:57,253 INFO org.springframework.boot.web.servlet.FilterRegistrationBean [localhost-startStop-1] Mapping filter: 'corsFilter' to: [/*]
2021-01-23 19:39:57,503 DEBUG com.example.encryptiondecryption.CORSFilter [localhost-startStop-1] Initializing filter 'corsFilter'
2021-01-23 19:39:57,504 DEBUG com.example.encryptiondecryption.CORSFilter [localhost-startStop-1] Filter 'corsFilter' configured successfully
2021-01-23 19:39:57,507 DEBUG com.example.encryptiondecryption.CORSFilter$$EnhancerBySpringCGLIB$$f60ff704 [localhost-startStop-1] Initializing filter 'CORSFilter'
2021-01-23 19:39:57,507 DEBUG com.example.encryptiondecryption.CORSFilter$$EnhancerBySpringCGLIB$$f60ff704 [localhost-startStop-1] Filter 'CORSFilter' configured successfully
2021-01-23 19:39:59,270 INFO org.springframework.web.servlet.mvc.method.annotation.RequestMappingHandlerAdapter [main] Looking for @ControllerAdvice: org.springframework.boot.context.embedded.AnnotationConfigEmbeddedWebApplicationContext@1dd6d4b7: startup date [Sat Jan 23 19:39:47 IST 2021]; root of context hierarchy
2021-01-23 19:39:59,657 INFO org.springframework.web.servlet.mvc.method.annotation.RequestMappingHandlerMapping [main] Mapped "{[/test],methods=[GET]}" onto public com.example.user.GithubUser com.example.controller.MyController.test(org.springframework.ui.Model,javax.servlet.http.HttpSession,java.lang.String,com.example.user.GithubUser)
2021-01-23 19:39:59,662 INFO org.springframework.web.servlet.mvc.method.annotation.RequestMappingHandlerMapping [main] Mapped "{[/]}" onto public org.springframework.web.servlet.ModelAndView com.example.controller.MyController.homePage(org.springframework.ui.Model,javax.servlet.http.HttpSession)
2021-01-23 19:39:59,663 INFO org.springframework.web.servlet.mvc.method.annotation.RequestMappingHandlerMapping [main] Mapped "{[/login],methods=[GET]}" onto public org.springframework.web.servlet.ModelAndView com.example.controller.MyController.loginForm(org.springframework.ui.Model,javax.servlet.http.HttpSession)
2021-01-23 19:39:59,664 INFO org.springframework.web.servlet.mvc.method.annotation.RequestMappingHandlerMapping [main] Mapped "{[/validateUser],methods=[POST]}" onto public org.springframework.web.servlet.ModelAndView com.example.controller.MyController.validateUser(org.springframework.ui.ModelMap,com.example.pojo.Login,org.springframework.validation.BindingResult,javax.servlet.http.HttpSession)
2021-01-23 19:39:59,665 INFO org.springframework.web.servlet.mvc.method.annotation.RequestMappingHandlerMapping [main] Mapped "{[/logout],methods=[GET]}" onto public org.springframework.web.servlet.ModelAndView com.example.controller.MyController.logoutPage(javax.servlet.http.HttpServletRequest,javax.servlet.http.HttpServletResponse,org.springframework.ui.Model,javax.servlet.http.HttpSession)
2021-01-23 19:39:59,666 INFO org.springframework.web.servlet.mvc.method.annotation.RequestMappingHandlerMapping [main] Mapped "{[/githubUserInfoPage],methods=[POST]}" onto public org.springframework.web.servlet.ModelAndView com.example.controller.MyController.githubUserInfoPage(org.springframework.ui.Model,com.example.pojo.Login,org.springframework.validation.BindingResult,com.example.user.GithubUser,javax.servlet.http.HttpSession)
2021-01-23 19:39:59,669 INFO org.springframework.web.servlet.mvc.method.annotation.RequestMappingHandlerMapping [main] Mapped "{[/githubRepoDet],methods=[POST]}" onto public org.springframework.web.servlet.ModelAndView com.example.controller.MyController.githubRepoDet(org.springframework.ui.Model,com.example.pojo.Login,com.example.user.GithubUser,javax.servlet.http.HttpSession)
2021-01-23 19:39:59,685 INFO org.springframework.web.servlet.mvc.method.annotation.RequestMappingHandlerMapping [main] Mapped "{[/error]}" onto public org.springframework.http.ResponseEntity<java.util.Map<java.lang.String, java.lang.Object>> org.springframework.boot.autoconfigure.web.BasicErrorController.error(javax.servlet.http.HttpServletRequest)
2021-01-23 19:39:59,686 INFO org.springframework.web.servlet.mvc.method.annotation.RequestMappingHandlerMapping [main] Mapped "{[/error],produces=[text/html]}" onto public org.springframework.web.servlet.ModelAndView org.springframework.boot.autoconfigure.web.BasicErrorController.errorHtml(javax.servlet.http.HttpServletRequest,javax.servlet.http.HttpServletResponse)
2021-01-23 19:39:59,810 INFO org.springframework.web.servlet.handler.SimpleUrlHandlerMapping [main] Mapped URL path [/webjars/**] onto handler of type [class org.springframework.web.servlet.resource.ResourceHttpRequestHandler]
2021-01-23 19:39:59,816 INFO org.springframework.web.servlet.handler.SimpleUrlHandlerMapping [main] Mapped URL path [/**] onto handler of type [class org.springframework.web.servlet.resource.ResourceHttpRequestHandler]
2021-01-23 19:39:59,921 INFO org.springframework.web.servlet.handler.SimpleUrlHandlerMapping [main] Mapped URL path [/**/favicon.ico] onto handler of type [class org.springframework.web.servlet.resource.ResourceHttpRequestHandler]
2021-01-23 19:40:00,207 WARN org.thymeleaf.templatemode.TemplateMode [main] [THYMELEAF][main] Template Mode 'HTML5' is deprecated. Using Template Mode 'HTML' instead.
2021-01-23 19:40:02,288 INFO org.springframework.boot.autoconfigure.web.WebMvcAutoConfiguration$WelcomePageHandlerMapping [main] Adding welcome page: class path resource [static/index.html]
2021-01-23 19:40:03,602 INFO org.springframework.jmx.export.annotation.AnnotationMBeanExporter [main] Registering beans for JMX exposure on startup
2021-01-23 19:40:03,696 INFO org.apache.coyote.http11.Http11NioProtocol [main] Initializing ProtocolHandler ["http-nio-5002"]
2021-01-23 19:40:03,758 INFO org.apache.coyote.http11.Http11NioProtocol [main] Starting ProtocolHandler ["http-nio-5002"]
2021-01-23 19:40:04,074 INFO org.apache.tomcat.util.net.NioSelectorPool [main] Using a shared selector for servlet write/read
2021-01-23 19:40:04,218 INFO org.springframework.boot.context.embedded.tomcat.TomcatEmbeddedServletContainer [main] Tomcat started on port(s): 5002 (http)
2021-01-23 19:40:04,233 INFO com.example.ImptProjectApplication [main] Started ImptProjectApplication in 21.634 seconds (JVM running for 27.064)
2021-01-23 19:44:28,877 INFO org.apache.catalina.core.ContainerBase.[Tomcat].[localhost].[/] [http-nio-5002-exec-1] Initializing Spring FrameworkServlet 'dispatcherServlet'
2021-01-23 19:44:28,878 INFO org.springframework.web.servlet.DispatcherServlet [http-nio-5002-exec-1] FrameworkServlet 'dispatcherServlet': initialization started
2021-01-23 19:44:29,291 INFO org.springframework.web.servlet.DispatcherServlet [http-nio-5002-exec-1] FrameworkServlet 'dispatcherServlet': initialization completed in 413 ms
2021-01-23 19:45:32,804 WARN org.apache.catalina.util.SessionIdGeneratorBase [http-nio-5002-exec-6] Creation of SecureRandom instance for session ID generation using [SHA1PRNG] took [1,019] milliseconds.
2021-01-23 19:45:54,316 INFO com.example.controller.MyController [http-nio-5002-exec-2] test() and param value githubusername is ----->rtdstrsdtdrt
2021-01-23 19:45:56,661 ERROR com.example.controller.MyController [http-nio-5002-exec-2] HttpClientErrorException occurred 
